{"/Users/shreya/cis3500/project/backend/controller/server.js": {"path":"/Users/shreya/cis3500/project/backend/controller/server.js","statementMap":{"0":{"start":{"line":6,"column":16},"end":{"line":6,"column":34}},"1":{"start":{"line":9,"column":13},"end":{"line":9,"column":28}},"2":{"start":{"line":12,"column":15},"end":{"line":12,"column":24}},"3":{"start":{"line":13,"column":0},"end":{"line":13,"column":27}},"4":{"start":{"line":16,"column":55},"end":{"line":16,"column":78}},"5":{"start":{"line":18,"column":0},"end":{"line":18,"column":19}},"6":{"start":{"line":21,"column":0},"end":{"line":21,"column":51}},"7":{"start":{"line":24,"column":14},"end":{"line":24,"column":39}},"8":{"start":{"line":27,"column":0},"end":{"line":29,"column":3}},"9":{"start":{"line":28,"column":2},"end":{"line":28,"column":50}},"10":{"start":{"line":35,"column":0},"end":{"line":53,"column":3}},"11":{"start":{"line":37,"column":2},"end":{"line":40,"column":3}},"12":{"start":{"line":38,"column":4},"end":{"line":38,"column":66}},"13":{"start":{"line":39,"column":4},"end":{"line":39,"column":11}},"14":{"start":{"line":41,"column":2},"end":{"line":44,"column":3}},"15":{"start":{"line":42,"column":4},"end":{"line":42,"column":66}},"16":{"start":{"line":43,"column":4},"end":{"line":43,"column":11}},"17":{"start":{"line":46,"column":2},"end":{"line":52,"column":3}},"18":{"start":{"line":47,"column":18},"end":{"line":47,"column":72}},"19":{"start":{"line":48,"column":4},"end":{"line":48,"column":47}},"20":{"start":{"line":50,"column":4},"end":{"line":50,"column":44}},"21":{"start":{"line":51,"column":4},"end":{"line":51,"column":58}},"22":{"start":{"line":60,"column":0},"end":{"line":79,"column":3}},"23":{"start":{"line":62,"column":2},"end":{"line":62,"column":24}},"24":{"start":{"line":63,"column":2},"end":{"line":78,"column":3}},"25":{"start":{"line":64,"column":21},"end":{"line":64,"column":64}},"26":{"start":{"line":65,"column":4},"end":{"line":68,"column":5}},"27":{"start":{"line":66,"column":6},"end":{"line":66,"column":68}},"28":{"start":{"line":67,"column":6},"end":{"line":67,"column":13}},"29":{"start":{"line":69,"column":4},"end":{"line":72,"column":5}},"30":{"start":{"line":70,"column":6},"end":{"line":70,"column":68}},"31":{"start":{"line":71,"column":6},"end":{"line":71,"column":13}},"32":{"start":{"line":74,"column":4},"end":{"line":74,"column":44}},"33":{"start":{"line":75,"column":4},"end":{"line":75,"column":61}},"34":{"start":{"line":77,"column":4},"end":{"line":77,"column":61}},"35":{"start":{"line":84,"column":0},"end":{"line":94,"column":3}},"36":{"start":{"line":85,"column":2},"end":{"line":93,"column":3}},"37":{"start":{"line":87,"column":21},"end":{"line":87,"column":46}},"38":{"start":{"line":89,"column":4},"end":{"line":89,"column":46}},"39":{"start":{"line":92,"column":4},"end":{"line":92,"column":61}},"40":{"start":{"line":99,"column":0},"end":{"line":113,"column":3}},"41":{"start":{"line":100,"column":2},"end":{"line":100,"column":29}},"42":{"start":{"line":101,"column":2},"end":{"line":112,"column":3}},"43":{"start":{"line":103,"column":19},"end":{"line":103,"column":53}},"44":{"start":{"line":104,"column":4},"end":{"line":107,"column":5}},"45":{"start":{"line":105,"column":6},"end":{"line":105,"column":54}},"46":{"start":{"line":106,"column":6},"end":{"line":106,"column":13}},"47":{"start":{"line":109,"column":4},"end":{"line":109,"column":43}},"48":{"start":{"line":111,"column":4},"end":{"line":111,"column":57}},"49":{"start":{"line":147,"column":0},"end":{"line":185,"column":3}},"50":{"start":{"line":149,"column":2},"end":{"line":152,"column":3}},"51":{"start":{"line":150,"column":4},"end":{"line":150,"column":91}},"52":{"start":{"line":151,"column":4},"end":{"line":151,"column":11}},"53":{"start":{"line":154,"column":2},"end":{"line":184,"column":3}},"54":{"start":{"line":163,"column":20},"end":{"line":167,"column":5}},"55":{"start":{"line":169,"column":4},"end":{"line":169,"column":38}},"56":{"start":{"line":172,"column":19},"end":{"line":172,"column":47}},"57":{"start":{"line":175,"column":18},"end":{"line":175,"column":53}},"58":{"start":{"line":177,"column":4},"end":{"line":177,"column":37}},"59":{"start":{"line":178,"column":4},"end":{"line":178,"column":34}},"60":{"start":{"line":180,"column":4},"end":{"line":180,"column":66}},"61":{"start":{"line":183,"column":4},"end":{"line":183,"column":70}},"62":{"start":{"line":191,"column":0},"end":{"line":203,"column":3}},"63":{"start":{"line":192,"column":2},"end":{"line":202,"column":3}},"64":{"start":{"line":193,"column":19},"end":{"line":193,"column":56}},"65":{"start":{"line":194,"column":4},"end":{"line":197,"column":5}},"66":{"start":{"line":195,"column":6},"end":{"line":195,"column":64}},"67":{"start":{"line":196,"column":6},"end":{"line":196,"column":13}},"68":{"start":{"line":199,"column":4},"end":{"line":199,"column":46}},"69":{"start":{"line":201,"column":4},"end":{"line":201,"column":57}},"70":{"start":{"line":208,"column":0},"end":{"line":223,"column":3}},"71":{"start":{"line":209,"column":2},"end":{"line":209,"column":31}},"72":{"start":{"line":211,"column":2},"end":{"line":211,"column":24}},"73":{"start":{"line":212,"column":2},"end":{"line":215,"column":3}},"74":{"start":{"line":213,"column":4},"end":{"line":213,"column":55}},"75":{"start":{"line":214,"column":4},"end":{"line":214,"column":11}},"76":{"start":{"line":216,"column":2},"end":{"line":222,"column":3}},"77":{"start":{"line":217,"column":19},"end":{"line":217,"column":75}},"78":{"start":{"line":219,"column":4},"end":{"line":219,"column":46}},"79":{"start":{"line":221,"column":4},"end":{"line":221,"column":57}},"80":{"start":{"line":226,"column":0},"end":{"line":226,"column":24}}},"fnMap":{"0":{"name":"(anonymous_0)","decl":{"start":{"line":27,"column":16},"end":{"line":27,"column":17}},"loc":{"start":{"line":27,"column":32},"end":{"line":29,"column":1}},"line":27},"1":{"name":"(anonymous_1)","decl":{"start":{"line":35,"column":22},"end":{"line":35,"column":23}},"loc":{"start":{"line":35,"column":37},"end":{"line":53,"column":1}},"line":35},"2":{"name":"(anonymous_2)","decl":{"start":{"line":60,"column":23},"end":{"line":60,"column":24}},"loc":{"start":{"line":60,"column":44},"end":{"line":79,"column":1}},"line":60},"3":{"name":"(anonymous_3)","decl":{"start":{"line":84,"column":21},"end":{"line":84,"column":22}},"loc":{"start":{"line":84,"column":43},"end":{"line":94,"column":1}},"line":84},"4":{"name":"(anonymous_4)","decl":{"start":{"line":99,"column":24},"end":{"line":99,"column":25}},"loc":{"start":{"line":99,"column":44},"end":{"line":113,"column":1}},"line":99},"5":{"name":"(anonymous_5)","decl":{"start":{"line":147,"column":23},"end":{"line":147,"column":24}},"loc":{"start":{"line":147,"column":44},"end":{"line":185,"column":1}},"line":147},"6":{"name":"(anonymous_6)","decl":{"start":{"line":191,"column":27},"end":{"line":191,"column":28}},"loc":{"start":{"line":191,"column":47},"end":{"line":203,"column":1}},"line":191},"7":{"name":"(anonymous_7)","decl":{"start":{"line":208,"column":24},"end":{"line":208,"column":25}},"loc":{"start":{"line":208,"column":44},"end":{"line":223,"column":1}},"line":208}},"branchMap":{"0":{"loc":{"start":{"line":37,"column":2},"end":{"line":40,"column":3}},"type":"if","locations":[{"start":{"line":37,"column":2},"end":{"line":40,"column":3}},{"start":{},"end":{}}],"line":37},"1":{"loc":{"start":{"line":37,"column":6},"end":{"line":37,"column":52}},"type":"binary-expr","locations":[{"start":{"line":37,"column":6},"end":{"line":37,"column":24}},{"start":{"line":37,"column":28},"end":{"line":37,"column":52}}],"line":37},"2":{"loc":{"start":{"line":41,"column":2},"end":{"line":44,"column":3}},"type":"if","locations":[{"start":{"line":41,"column":2},"end":{"line":44,"column":3}},{"start":{},"end":{}}],"line":41},"3":{"loc":{"start":{"line":41,"column":6},"end":{"line":41,"column":52}},"type":"binary-expr","locations":[{"start":{"line":41,"column":6},"end":{"line":41,"column":24}},{"start":{"line":41,"column":28},"end":{"line":41,"column":52}}],"line":41},"4":{"loc":{"start":{"line":65,"column":4},"end":{"line":68,"column":5}},"type":"if","locations":[{"start":{"line":65,"column":4},"end":{"line":68,"column":5}},{"start":{},"end":{}}],"line":65},"5":{"loc":{"start":{"line":69,"column":4},"end":{"line":72,"column":5}},"type":"if","locations":[{"start":{"line":69,"column":4},"end":{"line":72,"column":5}},{"start":{},"end":{}}],"line":69},"6":{"loc":{"start":{"line":69,"column":8},"end":{"line":69,"column":40}},"type":"binary-expr","locations":[{"start":{"line":69,"column":8},"end":{"line":69,"column":22}},{"start":{"line":69,"column":26},"end":{"line":69,"column":40}}],"line":69},"7":{"loc":{"start":{"line":104,"column":4},"end":{"line":107,"column":5}},"type":"if","locations":[{"start":{"line":104,"column":4},"end":{"line":107,"column":5}},{"start":{},"end":{}}],"line":104},"8":{"loc":{"start":{"line":149,"column":2},"end":{"line":152,"column":3}},"type":"if","locations":[{"start":{"line":149,"column":2},"end":{"line":152,"column":3}},{"start":{},"end":{}}],"line":149},"9":{"loc":{"start":{"line":149,"column":6},"end":{"line":149,"column":65}},"type":"binary-expr","locations":[{"start":{"line":149,"column":6},"end":{"line":149,"column":24}},{"start":{"line":149,"column":28},"end":{"line":149,"column":46}},{"start":{"line":149,"column":50},"end":{"line":149,"column":65}}],"line":149},"10":{"loc":{"start":{"line":194,"column":4},"end":{"line":197,"column":5}},"type":"if","locations":[{"start":{"line":194,"column":4},"end":{"line":197,"column":5}},{"start":{},"end":{}}],"line":194},"11":{"loc":{"start":{"line":212,"column":2},"end":{"line":215,"column":3}},"type":"if","locations":[{"start":{"line":212,"column":2},"end":{"line":215,"column":3}},{"start":{},"end":{}}],"line":212}},"s":{"0":2,"1":2,"2":2,"3":2,"4":2,"5":2,"6":2,"7":2,"8":2,"9":0,"10":2,"11":6,"12":3,"13":3,"14":3,"15":1,"16":1,"17":2,"18":2,"19":2,"20":0,"21":0,"22":2,"23":1,"24":1,"25":1,"26":1,"27":0,"28":0,"29":1,"30":1,"31":1,"32":0,"33":0,"34":0,"35":2,"36":1,"37":1,"38":1,"39":0,"40":2,"41":2,"42":2,"43":2,"44":2,"45":1,"46":1,"47":1,"48":0,"49":2,"50":6,"51":3,"52":3,"53":3,"54":3,"55":3,"56":3,"57":3,"58":3,"59":3,"60":3,"61":0,"62":2,"63":1,"64":1,"65":1,"66":0,"67":0,"68":0,"69":1,"70":2,"71":1,"72":1,"73":1,"74":1,"75":1,"76":0,"77":0,"78":0,"79":0,"80":2},"f":{"0":0,"1":6,"2":1,"3":1,"4":2,"5":6,"6":1,"7":1},"b":{"0":[3,3],"1":[6,3],"2":[1,2],"3":[3,2],"4":[0,1],"5":[1,0],"6":[1,1],"7":[1,1],"8":[3,3],"9":[6,6,3],"10":[0,0],"11":[1,0]},"_coverageSchema":"1a1c01bbd47fc00a2c39e90264f33305004495a9","hash":"ad96ec3616ae3e5c04816a52695270056cc37d60"}
,"/Users/shreya/cis3500/project/backend/controller/utils/auth.js": {"path":"/Users/shreya/cis3500/project/backend/controller/utils/auth.js","statementMap":{"0":{"start":{"line":9,"column":12},"end":{"line":9,"column":35}},"1":{"start":{"line":12,"column":0},"end":{"line":12,"column":55}},"2":{"start":{"line":15,"column":27},"end":{"line":15,"column":55}},"3":{"start":{"line":18,"column":21},"end":{"line":18,"column":30}},"4":{"start":{"line":25,"column":25},"end":{"line":34,"column":1}},"5":{"start":{"line":26,"column":2},"end":{"line":33,"column":3}},"6":{"start":{"line":27,"column":18},"end":{"line":27,"column":70}},"7":{"start":{"line":28,"column":4},"end":{"line":28,"column":32}},"8":{"start":{"line":29,"column":4},"end":{"line":29,"column":17}},"9":{"start":{"line":31,"column":4},"end":{"line":31,"column":39}},"10":{"start":{"line":32,"column":4},"end":{"line":32,"column":14}},"11":{"start":{"line":41,"column":19},"end":{"line":68,"column":1}},"12":{"start":{"line":42,"column":2},"end":{"line":67,"column":3}},"13":{"start":{"line":44,"column":4},"end":{"line":46,"column":5}},"14":{"start":{"line":45,"column":6},"end":{"line":45,"column":15}},"15":{"start":{"line":49,"column":20},"end":{"line":49,"column":44}},"16":{"start":{"line":50,"column":4},"end":{"line":50,"column":36}},"17":{"start":{"line":52,"column":17},"end":{"line":52,"column":55}},"18":{"start":{"line":53,"column":4},"end":{"line":56,"column":5}},"19":{"start":{"line":55,"column":6},"end":{"line":55,"column":15}},"20":{"start":{"line":57,"column":4},"end":{"line":57,"column":13}},"21":{"start":{"line":60,"column":4},"end":{"line":63,"column":5}},"22":{"start":{"line":61,"column":6},"end":{"line":61,"column":41}},"23":{"start":{"line":62,"column":6},"end":{"line":62,"column":15}},"24":{"start":{"line":65,"column":4},"end":{"line":65,"column":39}},"25":{"start":{"line":66,"column":4},"end":{"line":66,"column":13}},"26":{"start":{"line":70,"column":21},"end":{"line":70,"column":55}},"27":{"start":{"line":70,"column":32},"end":{"line":70,"column":55}},"28":{"start":{"line":80,"column":0},"end":{"line":80,"column":64}}},"fnMap":{"0":{"name":"(anonymous_0)","decl":{"start":{"line":25,"column":25},"end":{"line":25,"column":26}},"loc":{"start":{"line":25,"column":39},"end":{"line":34,"column":1}},"line":25},"1":{"name":"(anonymous_1)","decl":{"start":{"line":41,"column":19},"end":{"line":41,"column":20}},"loc":{"start":{"line":41,"column":36},"end":{"line":68,"column":1}},"line":41},"2":{"name":"(anonymous_2)","decl":{"start":{"line":70,"column":21},"end":{"line":70,"column":22}},"loc":{"start":{"line":70,"column":32},"end":{"line":70,"column":55}},"line":70}},"branchMap":{"0":{"loc":{"start":{"line":44,"column":4},"end":{"line":46,"column":5}},"type":"if","locations":[{"start":{"line":44,"column":4},"end":{"line":46,"column":5}},{"start":{},"end":{}}],"line":44},"1":{"loc":{"start":{"line":53,"column":4},"end":{"line":56,"column":5}},"type":"if","locations":[{"start":{"line":53,"column":4},"end":{"line":56,"column":5}},{"start":{},"end":{}}],"line":53},"2":{"loc":{"start":{"line":60,"column":4},"end":{"line":63,"column":5}},"type":"if","locations":[{"start":{"line":60,"column":4},"end":{"line":63,"column":5}},{"start":{},"end":{}}],"line":60}},"s":{"0":2,"1":2,"2":2,"3":2,"4":2,"5":5,"6":5,"7":5,"8":5,"9":0,"10":0,"11":2,"12":1,"13":1,"14":0,"15":1,"16":0,"17":0,"18":0,"19":0,"20":0,"21":1,"22":0,"23":0,"24":1,"25":1,"26":2,"27":0,"28":2},"f":{"0":5,"1":1,"2":0},"b":{"0":[0,1],"1":[0,0],"2":[0,1]},"_coverageSchema":"1a1c01bbd47fc00a2c39e90264f33305004495a9","hash":"297fee7f75081d0baaf2eab3ed89e500e90d804f"}
,"/Users/shreya/cis3500/project/backend/model/dbUtils.js": {"path":"/Users/shreya/cis3500/project/backend/model/dbUtils.js","statementMap":{"0":{"start":{"line":4,"column":0},"end":{"line":4,"column":27}},"1":{"start":{"line":7,"column":24},"end":{"line":7,"column":42}},"2":{"start":{"line":10,"column":14},"end":{"line":10,"column":72}},"3":{"start":{"line":20,"column":16},"end":{"line":32,"column":1}},"4":{"start":{"line":22,"column":2},"end":{"line":31,"column":3}},"5":{"start":{"line":23,"column":4},"end":{"line":25,"column":7}},"6":{"start":{"line":27,"column":4},"end":{"line":27,"column":73}},"7":{"start":{"line":28,"column":4},"end":{"line":28,"column":27}},"8":{"start":{"line":30,"column":4},"end":{"line":30,"column":29}},"9":{"start":{"line":37,"column":14},"end":{"line":43,"column":1}},"10":{"start":{"line":39,"column":2},"end":{"line":41,"column":3}},"11":{"start":{"line":40,"column":4},"end":{"line":40,"column":20}},"12":{"start":{"line":42,"column":2},"end":{"line":42,"column":30}},"13":{"start":{"line":49,"column":31},"end":{"line":51,"column":1}},"14":{"start":{"line":50,"column":2},"end":{"line":50,"column":32}},"15":{"start":{"line":54,"column":0},"end":{"line":58,"column":2}}},"fnMap":{"0":{"name":"(anonymous_0)","decl":{"start":{"line":20,"column":16},"end":{"line":20,"column":17}},"loc":{"start":{"line":20,"column":28},"end":{"line":32,"column":1}},"line":20},"1":{"name":"(anonymous_1)","decl":{"start":{"line":37,"column":14},"end":{"line":37,"column":15}},"loc":{"start":{"line":37,"column":26},"end":{"line":43,"column":1}},"line":37},"2":{"name":"(anonymous_2)","decl":{"start":{"line":49,"column":31},"end":{"line":49,"column":32}},"loc":{"start":{"line":49,"column":43},"end":{"line":51,"column":1}},"line":49}},"branchMap":{"0":{"loc":{"start":{"line":39,"column":2},"end":{"line":41,"column":3}},"type":"if","locations":[{"start":{"line":39,"column":2},"end":{"line":41,"column":3}},{"start":{},"end":{}}],"line":39}},"s":{"0":2,"1":2,"2":2,"3":2,"4":2,"5":2,"6":2,"7":2,"8":0,"9":2,"10":7,"11":0,"12":7,"13":2,"14":2,"15":2},"f":{"0":2,"1":7,"2":2},"b":{"0":[0,7]},"_coverageSchema":"1a1c01bbd47fc00a2c39e90264f33305004495a9","hash":"ab51871f91a545a67efb35b73ac7b918c23eef08"}
,"/Users/shreya/cis3500/project/backend/model/users.js": {"path":"/Users/shreya/cis3500/project/backend/model/users.js","statementMap":{"0":{"start":{"line":4,"column":21},"end":{"line":4,"column":39}},"1":{"start":{"line":5,"column":42},"end":{"line":5,"column":62}},"2":{"start":{"line":14,"column":16},"end":{"line":27,"column":1}},"3":{"start":{"line":15,"column":2},"end":{"line":26,"column":3}},"4":{"start":{"line":17,"column":4},"end":{"line":17,"column":27}},"5":{"start":{"line":18,"column":15},"end":{"line":18,"column":28}},"6":{"start":{"line":19,"column":19},"end":{"line":19,"column":66}},"7":{"start":{"line":21,"column":4},"end":{"line":21,"column":66}},"8":{"start":{"line":23,"column":4},"end":{"line":23,"column":29}},"9":{"start":{"line":25,"column":4},"end":{"line":25,"column":41}},"10":{"start":{"line":33,"column":20},"end":{"line":44,"column":1}},"11":{"start":{"line":34,"column":2},"end":{"line":43,"column":3}},"12":{"start":{"line":36,"column":15},"end":{"line":36,"column":28}},"13":{"start":{"line":37,"column":19},"end":{"line":37,"column":66}},"14":{"start":{"line":39,"column":4},"end":{"line":39,"column":52}},"15":{"start":{"line":40,"column":4},"end":{"line":40,"column":18}},"16":{"start":{"line":42,"column":4},"end":{"line":42,"column":41}},"17":{"start":{"line":51,"column":16},"end":{"line":62,"column":1}},"18":{"start":{"line":52,"column":2},"end":{"line":61,"column":3}},"19":{"start":{"line":54,"column":15},"end":{"line":54,"column":28}},"20":{"start":{"line":55,"column":19},"end":{"line":55,"column":86}},"21":{"start":{"line":57,"column":4},"end":{"line":57,"column":51}},"22":{"start":{"line":58,"column":4},"end":{"line":58,"column":18}},"23":{"start":{"line":60,"column":4},"end":{"line":60,"column":41}},"24":{"start":{"line":69,"column":23},"end":{"line":80,"column":1}},"25":{"start":{"line":70,"column":2},"end":{"line":79,"column":3}},"26":{"start":{"line":72,"column":15},"end":{"line":72,"column":28}},"27":{"start":{"line":73,"column":19},"end":{"line":73,"column":69}},"28":{"start":{"line":75,"column":4},"end":{"line":75,"column":54}},"29":{"start":{"line":76,"column":4},"end":{"line":76,"column":18}},"30":{"start":{"line":78,"column":4},"end":{"line":78,"column":41}},"31":{"start":{"line":83,"column":19},"end":{"line":95,"column":1}},"32":{"start":{"line":84,"column":2},"end":{"line":94,"column":3}},"33":{"start":{"line":86,"column":15},"end":{"line":86,"column":28}},"34":{"start":{"line":87,"column":19},"end":{"line":90,"column":5}},"35":{"start":{"line":91,"column":4},"end":{"line":91,"column":18}},"36":{"start":{"line":93,"column":4},"end":{"line":93,"column":41}},"37":{"start":{"line":98,"column":19},"end":{"line":111,"column":1}},"38":{"start":{"line":99,"column":2},"end":{"line":110,"column":3}},"39":{"start":{"line":101,"column":15},"end":{"line":101,"column":28}},"40":{"start":{"line":102,"column":19},"end":{"line":104,"column":5}},"41":{"start":{"line":106,"column":4},"end":{"line":106,"column":54}},"42":{"start":{"line":107,"column":4},"end":{"line":107,"column":18}},"43":{"start":{"line":109,"column":4},"end":{"line":109,"column":41}},"44":{"start":{"line":115,"column":2},"end":{"line":115,"column":22}},"45":{"start":{"line":117,"column":2},"end":{"line":117,"column":33}},"46":{"start":{"line":121,"column":0},"end":{"line":128,"column":2}}},"fnMap":{"0":{"name":"(anonymous_0)","decl":{"start":{"line":14,"column":16},"end":{"line":14,"column":17}},"loc":{"start":{"line":14,"column":35},"end":{"line":27,"column":1}},"line":14},"1":{"name":"(anonymous_1)","decl":{"start":{"line":33,"column":20},"end":{"line":33,"column":21}},"loc":{"start":{"line":33,"column":32},"end":{"line":44,"column":1}},"line":33},"2":{"name":"(anonymous_2)","decl":{"start":{"line":51,"column":16},"end":{"line":51,"column":17}},"loc":{"start":{"line":51,"column":34},"end":{"line":62,"column":1}},"line":51},"3":{"name":"(anonymous_3)","decl":{"start":{"line":69,"column":23},"end":{"line":69,"column":24}},"loc":{"start":{"line":69,"column":43},"end":{"line":80,"column":1}},"line":69},"4":{"name":"(anonymous_4)","decl":{"start":{"line":83,"column":19},"end":{"line":83,"column":20}},"loc":{"start":{"line":83,"column":47},"end":{"line":95,"column":1}},"line":83},"5":{"name":"(anonymous_5)","decl":{"start":{"line":98,"column":19},"end":{"line":98,"column":20}},"loc":{"start":{"line":98,"column":37},"end":{"line":111,"column":1}},"line":98},"6":{"name":"main","decl":{"start":{"line":113,"column":15},"end":{"line":113,"column":19}},"loc":{"start":{"line":113,"column":22},"end":{"line":118,"column":1}},"line":113}},"branchMap":{},"s":{"0":2,"1":2,"2":2,"3":3,"4":3,"5":3,"6":3,"7":3,"8":3,"9":0,"10":2,"11":1,"12":1,"13":1,"14":1,"15":1,"16":0,"17":2,"18":2,"19":2,"20":2,"21":1,"22":1,"23":1,"24":2,"25":0,"26":0,"27":0,"28":0,"29":0,"30":0,"31":2,"32":0,"33":0,"34":0,"35":0,"36":0,"37":2,"38":1,"39":1,"40":1,"41":0,"42":0,"43":1,"44":0,"45":0,"46":2},"f":{"0":3,"1":1,"2":2,"3":0,"4":0,"5":1,"6":0},"b":{},"_coverageSchema":"1a1c01bbd47fc00a2c39e90264f33305004495a9","hash":"56b8e179ef4fdbf83fd37002417d1b55dab77932"}
,"/Users/shreya/cis3500/project/backend/tests/testUtils.js": {"path":"/Users/shreya/cis3500/project/backend/tests/testUtils.js","statementMap":{"0":{"start":{"line":4,"column":17},"end":{"line":7,"column":1}},"1":{"start":{"line":14,"column":27},"end":{"line":17,"column":1}},"2":{"start":{"line":15,"column":17},"end":{"line":15,"column":65}},"3":{"start":{"line":16,"column":2},"end":{"line":16,"column":27}},"4":{"start":{"line":24,"column":29},"end":{"line":36,"column":1}},"5":{"start":{"line":25,"column":2},"end":{"line":35,"column":3}},"6":{"start":{"line":26,"column":19},"end":{"line":26,"column":81}},"7":{"start":{"line":27,"column":29},"end":{"line":27,"column":35}},"8":{"start":{"line":28,"column":4},"end":{"line":32,"column":5}},"9":{"start":{"line":29,"column":6},"end":{"line":29,"column":63}},"10":{"start":{"line":31,"column":6},"end":{"line":31,"column":61}},"11":{"start":{"line":34,"column":4},"end":{"line":34,"column":38}},"12":{"start":{"line":46,"column":18},"end":{"line":54,"column":1}},"13":{"start":{"line":47,"column":14},"end":{"line":47,"column":19}},"14":{"start":{"line":48,"column":2},"end":{"line":52,"column":5}},"15":{"start":{"line":49,"column":4},"end":{"line":51,"column":5}},"16":{"start":{"line":50,"column":6},"end":{"line":50,"column":19}},"17":{"start":{"line":53,"column":2},"end":{"line":53,"column":15}},"18":{"start":{"line":57,"column":0},"end":{"line":62,"column":2}}},"fnMap":{"0":{"name":"(anonymous_0)","decl":{"start":{"line":14,"column":27},"end":{"line":14,"column":28}},"loc":{"start":{"line":14,"column":51},"end":{"line":17,"column":1}},"line":14},"1":{"name":"(anonymous_1)","decl":{"start":{"line":24,"column":29},"end":{"line":24,"column":30}},"loc":{"start":{"line":24,"column":53},"end":{"line":36,"column":1}},"line":24},"2":{"name":"(anonymous_2)","decl":{"start":{"line":46,"column":18},"end":{"line":46,"column":19}},"loc":{"start":{"line":46,"column":32},"end":{"line":54,"column":1}},"line":46},"3":{"name":"(anonymous_3)","decl":{"start":{"line":48,"column":10},"end":{"line":48,"column":11}},"loc":{"start":{"line":48,"column":17},"end":{"line":52,"column":3}},"line":48}},"branchMap":{"0":{"loc":{"start":{"line":28,"column":4},"end":{"line":32,"column":5}},"type":"if","locations":[{"start":{"line":28,"column":4},"end":{"line":32,"column":5}},{"start":{"line":30,"column":11},"end":{"line":32,"column":5}}],"line":28},"1":{"loc":{"start":{"line":49,"column":4},"end":{"line":51,"column":5}},"type":"if","locations":[{"start":{"line":49,"column":4},"end":{"line":51,"column":5}},{"start":{},"end":{}}],"line":49}},"s":{"0":2,"1":2,"2":1,"3":1,"4":2,"5":1,"6":1,"7":1,"8":1,"9":0,"10":1,"11":0,"12":2,"13":1,"14":1,"15":123,"16":1,"17":1,"18":2},"f":{"0":1,"1":1,"2":1,"3":123},"b":{"0":[0,1],"1":[1,122]},"_coverageSchema":"1a1c01bbd47fc00a2c39e90264f33305004495a9","hash":"410271a2f0a1367da2020a8d42bd7fee91d0af1c"}
}
