{"/Users/carolinesmacbookair/Desktop/CIS3500/PROJECT-CIS5300/backend_deploy-main/controller/server.js": {"path":"/Users/carolinesmacbookair/Desktop/CIS3500/PROJECT-CIS5300/backend_deploy-main/controller/server.js","statementMap":{"0":{"start":{"line":6,"column":16},"end":{"line":6,"column":34}},"1":{"start":{"line":9,"column":13},"end":{"line":9,"column":28}},"2":{"start":{"line":12,"column":15},"end":{"line":12,"column":24}},"3":{"start":{"line":15,"column":55},"end":{"line":15,"column":78}},"4":{"start":{"line":17,"column":0},"end":{"line":17,"column":19}},"5":{"start":{"line":20,"column":0},"end":{"line":20,"column":51}},"6":{"start":{"line":23,"column":14},"end":{"line":23,"column":39}},"7":{"start":{"line":26,"column":0},"end":{"line":28,"column":3}},"8":{"start":{"line":27,"column":2},"end":{"line":27,"column":50}},"9":{"start":{"line":34,"column":0},"end":{"line":52,"column":3}},"10":{"start":{"line":36,"column":2},"end":{"line":39,"column":3}},"11":{"start":{"line":37,"column":4},"end":{"line":37,"column":66}},"12":{"start":{"line":38,"column":4},"end":{"line":38,"column":11}},"13":{"start":{"line":40,"column":2},"end":{"line":43,"column":3}},"14":{"start":{"line":41,"column":4},"end":{"line":41,"column":66}},"15":{"start":{"line":42,"column":4},"end":{"line":42,"column":11}},"16":{"start":{"line":45,"column":2},"end":{"line":51,"column":3}},"17":{"start":{"line":46,"column":18},"end":{"line":46,"column":72}},"18":{"start":{"line":47,"column":4},"end":{"line":47,"column":47}},"19":{"start":{"line":49,"column":4},"end":{"line":49,"column":44}},"20":{"start":{"line":50,"column":4},"end":{"line":50,"column":58}},"21":{"start":{"line":59,"column":0},"end":{"line":78,"column":3}},"22":{"start":{"line":61,"column":2},"end":{"line":61,"column":24}},"23":{"start":{"line":62,"column":2},"end":{"line":77,"column":3}},"24":{"start":{"line":63,"column":21},"end":{"line":63,"column":64}},"25":{"start":{"line":64,"column":4},"end":{"line":67,"column":5}},"26":{"start":{"line":65,"column":6},"end":{"line":65,"column":68}},"27":{"start":{"line":66,"column":6},"end":{"line":66,"column":13}},"28":{"start":{"line":68,"column":4},"end":{"line":71,"column":5}},"29":{"start":{"line":69,"column":6},"end":{"line":69,"column":68}},"30":{"start":{"line":70,"column":6},"end":{"line":70,"column":13}},"31":{"start":{"line":73,"column":4},"end":{"line":73,"column":44}},"32":{"start":{"line":74,"column":4},"end":{"line":74,"column":61}},"33":{"start":{"line":76,"column":4},"end":{"line":76,"column":61}},"34":{"start":{"line":83,"column":0},"end":{"line":93,"column":3}},"35":{"start":{"line":84,"column":2},"end":{"line":92,"column":3}},"36":{"start":{"line":86,"column":21},"end":{"line":86,"column":46}},"37":{"start":{"line":88,"column":4},"end":{"line":88,"column":46}},"38":{"start":{"line":91,"column":4},"end":{"line":91,"column":61}},"39":{"start":{"line":98,"column":0},"end":{"line":112,"column":3}},"40":{"start":{"line":99,"column":2},"end":{"line":99,"column":29}},"41":{"start":{"line":100,"column":2},"end":{"line":111,"column":3}},"42":{"start":{"line":102,"column":19},"end":{"line":102,"column":53}},"43":{"start":{"line":103,"column":4},"end":{"line":106,"column":5}},"44":{"start":{"line":104,"column":6},"end":{"line":104,"column":54}},"45":{"start":{"line":105,"column":6},"end":{"line":105,"column":13}},"46":{"start":{"line":108,"column":4},"end":{"line":108,"column":43}},"47":{"start":{"line":110,"column":4},"end":{"line":110,"column":57}},"48":{"start":{"line":118,"column":0},"end":{"line":140,"column":3}},"49":{"start":{"line":120,"column":2},"end":{"line":123,"column":3}},"50":{"start":{"line":121,"column":4},"end":{"line":121,"column":83}},"51":{"start":{"line":122,"column":4},"end":{"line":122,"column":11}},"52":{"start":{"line":125,"column":2},"end":{"line":139,"column":3}},"53":{"start":{"line":126,"column":4},"end":{"line":136,"column":5}},"54":{"start":{"line":128,"column":22},"end":{"line":131,"column":7}},"55":{"start":{"line":132,"column":21},"end":{"line":132,"column":49}},"56":{"start":{"line":133,"column":6},"end":{"line":133,"column":54}},"57":{"start":{"line":135,"column":6},"end":{"line":135,"column":63}},"58":{"start":{"line":138,"column":4},"end":{"line":138,"column":64}},"59":{"start":{"line":146,"column":0},"end":{"line":167,"column":3}},"60":{"start":{"line":148,"column":2},"end":{"line":151,"column":3}},"61":{"start":{"line":149,"column":4},"end":{"line":149,"column":91}},"62":{"start":{"line":150,"column":4},"end":{"line":150,"column":11}},"63":{"start":{"line":153,"column":2},"end":{"line":166,"column":3}},"64":{"start":{"line":155,"column":20},"end":{"line":159,"column":5}},"65":{"start":{"line":162,"column":19},"end":{"line":162,"column":47}},"66":{"start":{"line":163,"column":4},"end":{"line":163,"column":52}},"67":{"start":{"line":165,"column":4},"end":{"line":165,"column":61}},"68":{"start":{"line":173,"column":0},"end":{"line":185,"column":3}},"69":{"start":{"line":174,"column":2},"end":{"line":184,"column":3}},"70":{"start":{"line":175,"column":19},"end":{"line":175,"column":56}},"71":{"start":{"line":176,"column":4},"end":{"line":179,"column":5}},"72":{"start":{"line":177,"column":6},"end":{"line":177,"column":64}},"73":{"start":{"line":178,"column":6},"end":{"line":178,"column":13}},"74":{"start":{"line":181,"column":4},"end":{"line":181,"column":46}},"75":{"start":{"line":183,"column":4},"end":{"line":183,"column":57}},"76":{"start":{"line":190,"column":0},"end":{"line":205,"column":3}},"77":{"start":{"line":191,"column":2},"end":{"line":191,"column":31}},"78":{"start":{"line":193,"column":2},"end":{"line":193,"column":24}},"79":{"start":{"line":194,"column":2},"end":{"line":197,"column":3}},"80":{"start":{"line":195,"column":4},"end":{"line":195,"column":55}},"81":{"start":{"line":196,"column":4},"end":{"line":196,"column":11}},"82":{"start":{"line":198,"column":2},"end":{"line":204,"column":3}},"83":{"start":{"line":199,"column":19},"end":{"line":199,"column":75}},"84":{"start":{"line":201,"column":4},"end":{"line":201,"column":46}},"85":{"start":{"line":203,"column":4},"end":{"line":203,"column":57}},"86":{"start":{"line":208,"column":0},"end":{"line":208,"column":24}}},"fnMap":{"0":{"name":"(anonymous_0)","decl":{"start":{"line":26,"column":16},"end":{"line":26,"column":17}},"loc":{"start":{"line":26,"column":32},"end":{"line":28,"column":1}},"line":26},"1":{"name":"(anonymous_1)","decl":{"start":{"line":34,"column":22},"end":{"line":34,"column":23}},"loc":{"start":{"line":34,"column":37},"end":{"line":52,"column":1}},"line":34},"2":{"name":"(anonymous_2)","decl":{"start":{"line":59,"column":23},"end":{"line":59,"column":24}},"loc":{"start":{"line":59,"column":44},"end":{"line":78,"column":1}},"line":59},"3":{"name":"(anonymous_3)","decl":{"start":{"line":83,"column":21},"end":{"line":83,"column":22}},"loc":{"start":{"line":83,"column":43},"end":{"line":93,"column":1}},"line":83},"4":{"name":"(anonymous_4)","decl":{"start":{"line":98,"column":24},"end":{"line":98,"column":25}},"loc":{"start":{"line":98,"column":44},"end":{"line":112,"column":1}},"line":98},"5":{"name":"(anonymous_5)","decl":{"start":{"line":118,"column":21},"end":{"line":118,"column":22}},"loc":{"start":{"line":118,"column":42},"end":{"line":140,"column":1}},"line":118},"6":{"name":"(anonymous_6)","decl":{"start":{"line":146,"column":23},"end":{"line":146,"column":24}},"loc":{"start":{"line":146,"column":44},"end":{"line":167,"column":1}},"line":146},"7":{"name":"(anonymous_7)","decl":{"start":{"line":173,"column":27},"end":{"line":173,"column":28}},"loc":{"start":{"line":173,"column":47},"end":{"line":185,"column":1}},"line":173},"8":{"name":"(anonymous_8)","decl":{"start":{"line":190,"column":24},"end":{"line":190,"column":25}},"loc":{"start":{"line":190,"column":44},"end":{"line":205,"column":1}},"line":190}},"branchMap":{"0":{"loc":{"start":{"line":36,"column":2},"end":{"line":39,"column":3}},"type":"if","locations":[{"start":{"line":36,"column":2},"end":{"line":39,"column":3}},{"start":{},"end":{}}],"line":36},"1":{"loc":{"start":{"line":36,"column":6},"end":{"line":36,"column":52}},"type":"binary-expr","locations":[{"start":{"line":36,"column":6},"end":{"line":36,"column":24}},{"start":{"line":36,"column":28},"end":{"line":36,"column":52}}],"line":36},"2":{"loc":{"start":{"line":40,"column":2},"end":{"line":43,"column":3}},"type":"if","locations":[{"start":{"line":40,"column":2},"end":{"line":43,"column":3}},{"start":{},"end":{}}],"line":40},"3":{"loc":{"start":{"line":40,"column":6},"end":{"line":40,"column":52}},"type":"binary-expr","locations":[{"start":{"line":40,"column":6},"end":{"line":40,"column":24}},{"start":{"line":40,"column":28},"end":{"line":40,"column":52}}],"line":40},"4":{"loc":{"start":{"line":64,"column":4},"end":{"line":67,"column":5}},"type":"if","locations":[{"start":{"line":64,"column":4},"end":{"line":67,"column":5}},{"start":{},"end":{}}],"line":64},"5":{"loc":{"start":{"line":68,"column":4},"end":{"line":71,"column":5}},"type":"if","locations":[{"start":{"line":68,"column":4},"end":{"line":71,"column":5}},{"start":{},"end":{}}],"line":68},"6":{"loc":{"start":{"line":68,"column":8},"end":{"line":68,"column":40}},"type":"binary-expr","locations":[{"start":{"line":68,"column":8},"end":{"line":68,"column":22}},{"start":{"line":68,"column":26},"end":{"line":68,"column":40}}],"line":68},"7":{"loc":{"start":{"line":103,"column":4},"end":{"line":106,"column":5}},"type":"if","locations":[{"start":{"line":103,"column":4},"end":{"line":106,"column":5}},{"start":{},"end":{}}],"line":103},"8":{"loc":{"start":{"line":120,"column":2},"end":{"line":123,"column":3}},"type":"if","locations":[{"start":{"line":120,"column":2},"end":{"line":123,"column":3}},{"start":{},"end":{}}],"line":120},"9":{"loc":{"start":{"line":120,"column":6},"end":{"line":120,"column":46}},"type":"binary-expr","locations":[{"start":{"line":120,"column":6},"end":{"line":120,"column":24}},{"start":{"line":120,"column":28},"end":{"line":120,"column":46}}],"line":120},"10":{"loc":{"start":{"line":125,"column":2},"end":{"line":139,"column":3}},"type":"if","locations":[{"start":{"line":125,"column":2},"end":{"line":139,"column":3}},{"start":{"line":137,"column":9},"end":{"line":139,"column":3}}],"line":125},"11":{"loc":{"start":{"line":148,"column":2},"end":{"line":151,"column":3}},"type":"if","locations":[{"start":{"line":148,"column":2},"end":{"line":151,"column":3}},{"start":{},"end":{}}],"line":148},"12":{"loc":{"start":{"line":148,"column":6},"end":{"line":148,"column":65}},"type":"binary-expr","locations":[{"start":{"line":148,"column":6},"end":{"line":148,"column":24}},{"start":{"line":148,"column":28},"end":{"line":148,"column":46}},{"start":{"line":148,"column":50},"end":{"line":148,"column":65}}],"line":148},"13":{"loc":{"start":{"line":176,"column":4},"end":{"line":179,"column":5}},"type":"if","locations":[{"start":{"line":176,"column":4},"end":{"line":179,"column":5}},{"start":{},"end":{}}],"line":176},"14":{"loc":{"start":{"line":194,"column":2},"end":{"line":197,"column":3}},"type":"if","locations":[{"start":{"line":194,"column":2},"end":{"line":197,"column":3}},{"start":{},"end":{}}],"line":194}},"s":{"0":2,"1":2,"2":2,"3":2,"4":2,"5":2,"6":2,"7":2,"8":0,"9":2,"10":3,"11":2,"12":2,"13":1,"14":0,"15":0,"16":1,"17":1,"18":0,"19":1,"20":1,"21":2,"22":0,"23":0,"24":0,"25":0,"26":0,"27":0,"28":0,"29":0,"30":0,"31":0,"32":0,"33":0,"34":2,"35":0,"36":0,"37":0,"38":0,"39":2,"40":0,"41":0,"42":0,"43":0,"44":0,"45":0,"46":0,"47":0,"48":2,"49":0,"50":0,"51":0,"52":0,"53":0,"54":0,"55":0,"56":0,"57":0,"58":0,"59":2,"60":0,"61":0,"62":0,"63":0,"64":0,"65":0,"66":0,"67":0,"68":2,"69":0,"70":0,"71":0,"72":0,"73":0,"74":0,"75":0,"76":2,"77":0,"78":0,"79":0,"80":0,"81":0,"82":0,"83":0,"84":0,"85":0,"86":2},"f":{"0":0,"1":3,"2":0,"3":0,"4":0,"5":0,"6":0,"7":0,"8":0},"b":{"0":[2,1],"1":[3,1],"2":[0,1],"3":[1,1],"4":[0,0],"5":[0,0],"6":[0,0],"7":[0,0],"8":[0,0],"9":[0,0],"10":[0,0],"11":[0,0],"12":[0,0,0],"13":[0,0],"14":[0,0]},"_coverageSchema":"1a1c01bbd47fc00a2c39e90264f33305004495a9","hash":"392da1406baf44a33d1bf6a0824df7c9cf8b395f"}
,"/Users/carolinesmacbookair/Desktop/CIS3500/PROJECT-CIS5300/backend_deploy-main/controller/utils/auth.js": {"path":"/Users/carolinesmacbookair/Desktop/CIS3500/PROJECT-CIS5300/backend_deploy-main/controller/utils/auth.js","statementMap":{"0":{"start":{"line":9,"column":12},"end":{"line":9,"column":35}},"1":{"start":{"line":12,"column":0},"end":{"line":12,"column":27}},"2":{"start":{"line":15,"column":27},"end":{"line":15,"column":55}},"3":{"start":{"line":18,"column":21},"end":{"line":18,"column":30}},"4":{"start":{"line":25,"column":25},"end":{"line":34,"column":1}},"5":{"start":{"line":26,"column":2},"end":{"line":33,"column":3}},"6":{"start":{"line":27,"column":18},"end":{"line":27,"column":80}},"7":{"start":{"line":28,"column":4},"end":{"line":28,"column":32}},"8":{"start":{"line":29,"column":4},"end":{"line":29,"column":17}},"9":{"start":{"line":31,"column":4},"end":{"line":31,"column":38}},"10":{"start":{"line":32,"column":4},"end":{"line":32,"column":14}},"11":{"start":{"line":41,"column":19},"end":{"line":68,"column":1}},"12":{"start":{"line":42,"column":2},"end":{"line":67,"column":3}},"13":{"start":{"line":44,"column":4},"end":{"line":46,"column":5}},"14":{"start":{"line":45,"column":6},"end":{"line":45,"column":15}},"15":{"start":{"line":49,"column":20},"end":{"line":49,"column":54}},"16":{"start":{"line":50,"column":4},"end":{"line":50,"column":36}},"17":{"start":{"line":52,"column":17},"end":{"line":52,"column":55}},"18":{"start":{"line":53,"column":4},"end":{"line":56,"column":5}},"19":{"start":{"line":55,"column":6},"end":{"line":55,"column":15}},"20":{"start":{"line":57,"column":4},"end":{"line":57,"column":13}},"21":{"start":{"line":60,"column":4},"end":{"line":63,"column":5}},"22":{"start":{"line":61,"column":6},"end":{"line":61,"column":40}},"23":{"start":{"line":62,"column":6},"end":{"line":62,"column":15}},"24":{"start":{"line":65,"column":4},"end":{"line":65,"column":38}},"25":{"start":{"line":66,"column":4},"end":{"line":66,"column":13}},"26":{"start":{"line":70,"column":21},"end":{"line":70,"column":55}},"27":{"start":{"line":70,"column":32},"end":{"line":70,"column":55}},"28":{"start":{"line":80,"column":0},"end":{"line":80,"column":64}}},"fnMap":{"0":{"name":"(anonymous_0)","decl":{"start":{"line":25,"column":25},"end":{"line":25,"column":26}},"loc":{"start":{"line":25,"column":39},"end":{"line":34,"column":1}},"line":25},"1":{"name":"(anonymous_1)","decl":{"start":{"line":41,"column":19},"end":{"line":41,"column":20}},"loc":{"start":{"line":41,"column":36},"end":{"line":68,"column":1}},"line":41},"2":{"name":"(anonymous_2)","decl":{"start":{"line":70,"column":21},"end":{"line":70,"column":22}},"loc":{"start":{"line":70,"column":32},"end":{"line":70,"column":55}},"line":70}},"branchMap":{"0":{"loc":{"start":{"line":44,"column":4},"end":{"line":46,"column":5}},"type":"if","locations":[{"start":{"line":44,"column":4},"end":{"line":46,"column":5}},{"start":{},"end":{}}],"line":44},"1":{"loc":{"start":{"line":53,"column":4},"end":{"line":56,"column":5}},"type":"if","locations":[{"start":{"line":53,"column":4},"end":{"line":56,"column":5}},{"start":{},"end":{}}],"line":53},"2":{"loc":{"start":{"line":60,"column":4},"end":{"line":63,"column":5}},"type":"if","locations":[{"start":{"line":60,"column":4},"end":{"line":63,"column":5}},{"start":{},"end":{}}],"line":60}},"s":{"0":2,"1":2,"2":2,"3":2,"4":2,"5":1,"6":1,"7":0,"8":0,"9":1,"10":1,"11":2,"12":0,"13":0,"14":0,"15":0,"16":0,"17":0,"18":0,"19":0,"20":0,"21":0,"22":0,"23":0,"24":0,"25":0,"26":2,"27":0,"28":2},"f":{"0":1,"1":0,"2":0},"b":{"0":[0,0],"1":[0,0],"2":[0,0]},"_coverageSchema":"1a1c01bbd47fc00a2c39e90264f33305004495a9","hash":"355d42406fd8089b73b7572bc3f33fc611750188"}
,"/Users/carolinesmacbookair/Desktop/CIS3500/PROJECT-CIS5300/backend_deploy-main/model/dbUtils.js": {"path":"/Users/carolinesmacbookair/Desktop/CIS3500/PROJECT-CIS5300/backend_deploy-main/model/dbUtils.js","statementMap":{"0":{"start":{"line":4,"column":0},"end":{"line":4,"column":27}},"1":{"start":{"line":7,"column":24},"end":{"line":7,"column":42}},"2":{"start":{"line":10,"column":14},"end":{"line":10,"column":32}},"3":{"start":{"line":20,"column":16},"end":{"line":32,"column":1}},"4":{"start":{"line":22,"column":2},"end":{"line":31,"column":3}},"5":{"start":{"line":23,"column":4},"end":{"line":25,"column":7}},"6":{"start":{"line":27,"column":4},"end":{"line":27,"column":73}},"7":{"start":{"line":28,"column":4},"end":{"line":28,"column":27}},"8":{"start":{"line":30,"column":4},"end":{"line":30,"column":29}},"9":{"start":{"line":37,"column":14},"end":{"line":43,"column":1}},"10":{"start":{"line":39,"column":2},"end":{"line":41,"column":3}},"11":{"start":{"line":40,"column":4},"end":{"line":40,"column":20}},"12":{"start":{"line":42,"column":2},"end":{"line":42,"column":30}},"13":{"start":{"line":49,"column":31},"end":{"line":51,"column":1}},"14":{"start":{"line":50,"column":2},"end":{"line":50,"column":32}},"15":{"start":{"line":54,"column":0},"end":{"line":58,"column":2}}},"fnMap":{"0":{"name":"(anonymous_0)","decl":{"start":{"line":20,"column":16},"end":{"line":20,"column":17}},"loc":{"start":{"line":20,"column":28},"end":{"line":32,"column":1}},"line":20},"1":{"name":"(anonymous_1)","decl":{"start":{"line":37,"column":14},"end":{"line":37,"column":15}},"loc":{"start":{"line":37,"column":26},"end":{"line":43,"column":1}},"line":37},"2":{"name":"(anonymous_2)","decl":{"start":{"line":49,"column":31},"end":{"line":49,"column":32}},"loc":{"start":{"line":49,"column":43},"end":{"line":51,"column":1}},"line":49}},"branchMap":{"0":{"loc":{"start":{"line":39,"column":2},"end":{"line":41,"column":3}},"type":"if","locations":[{"start":{"line":39,"column":2},"end":{"line":41,"column":3}},{"start":{},"end":{}}],"line":39}},"s":{"0":2,"1":2,"2":2,"3":2,"4":2,"5":2,"6":0,"7":0,"8":2,"9":2,"10":0,"11":0,"12":0,"13":2,"14":1,"15":2},"f":{"0":2,"1":0,"2":1},"b":{"0":[0,0]},"_coverageSchema":"1a1c01bbd47fc00a2c39e90264f33305004495a9","hash":"59d6ee850a54801bbb978242be45675799b87365"}
,"/Users/carolinesmacbookair/Desktop/CIS3500/PROJECT-CIS5300/backend_deploy-main/model/users.js": {"path":"/Users/carolinesmacbookair/Desktop/CIS3500/PROJECT-CIS5300/backend_deploy-main/model/users.js","statementMap":{"0":{"start":{"line":4,"column":21},"end":{"line":4,"column":39}},"1":{"start":{"line":5,"column":42},"end":{"line":5,"column":62}},"2":{"start":{"line":14,"column":16},"end":{"line":26,"column":1}},"3":{"start":{"line":15,"column":2},"end":{"line":25,"column":3}},"4":{"start":{"line":17,"column":15},"end":{"line":17,"column":28}},"5":{"start":{"line":18,"column":19},"end":{"line":18,"column":66}},"6":{"start":{"line":20,"column":4},"end":{"line":20,"column":66}},"7":{"start":{"line":22,"column":4},"end":{"line":22,"column":29}},"8":{"start":{"line":24,"column":4},"end":{"line":24,"column":41}},"9":{"start":{"line":32,"column":20},"end":{"line":43,"column":1}},"10":{"start":{"line":33,"column":2},"end":{"line":42,"column":3}},"11":{"start":{"line":35,"column":15},"end":{"line":35,"column":28}},"12":{"start":{"line":36,"column":19},"end":{"line":36,"column":66}},"13":{"start":{"line":38,"column":4},"end":{"line":38,"column":52}},"14":{"start":{"line":39,"column":4},"end":{"line":39,"column":18}},"15":{"start":{"line":41,"column":4},"end":{"line":41,"column":41}},"16":{"start":{"line":50,"column":16},"end":{"line":61,"column":1}},"17":{"start":{"line":51,"column":2},"end":{"line":60,"column":3}},"18":{"start":{"line":53,"column":15},"end":{"line":53,"column":28}},"19":{"start":{"line":54,"column":19},"end":{"line":54,"column":86}},"20":{"start":{"line":56,"column":4},"end":{"line":56,"column":51}},"21":{"start":{"line":57,"column":4},"end":{"line":57,"column":18}},"22":{"start":{"line":59,"column":4},"end":{"line":59,"column":41}},"23":{"start":{"line":68,"column":23},"end":{"line":79,"column":1}},"24":{"start":{"line":69,"column":2},"end":{"line":78,"column":3}},"25":{"start":{"line":71,"column":15},"end":{"line":71,"column":28}},"26":{"start":{"line":72,"column":19},"end":{"line":72,"column":69}},"27":{"start":{"line":74,"column":4},"end":{"line":74,"column":54}},"28":{"start":{"line":75,"column":4},"end":{"line":75,"column":18}},"29":{"start":{"line":77,"column":4},"end":{"line":77,"column":41}},"30":{"start":{"line":82,"column":19},"end":{"line":94,"column":1}},"31":{"start":{"line":83,"column":2},"end":{"line":93,"column":3}},"32":{"start":{"line":85,"column":15},"end":{"line":85,"column":28}},"33":{"start":{"line":86,"column":19},"end":{"line":89,"column":5}},"34":{"start":{"line":90,"column":4},"end":{"line":90,"column":18}},"35":{"start":{"line":92,"column":4},"end":{"line":92,"column":41}},"36":{"start":{"line":97,"column":19},"end":{"line":110,"column":1}},"37":{"start":{"line":98,"column":2},"end":{"line":109,"column":3}},"38":{"start":{"line":100,"column":15},"end":{"line":100,"column":28}},"39":{"start":{"line":101,"column":19},"end":{"line":103,"column":5}},"40":{"start":{"line":105,"column":4},"end":{"line":105,"column":54}},"41":{"start":{"line":106,"column":4},"end":{"line":106,"column":18}},"42":{"start":{"line":108,"column":4},"end":{"line":108,"column":41}},"43":{"start":{"line":114,"column":2},"end":{"line":114,"column":22}},"44":{"start":{"line":116,"column":2},"end":{"line":116,"column":33}},"45":{"start":{"line":120,"column":0},"end":{"line":127,"column":2}}},"fnMap":{"0":{"name":"(anonymous_0)","decl":{"start":{"line":14,"column":16},"end":{"line":14,"column":17}},"loc":{"start":{"line":14,"column":35},"end":{"line":26,"column":1}},"line":14},"1":{"name":"(anonymous_1)","decl":{"start":{"line":32,"column":20},"end":{"line":32,"column":21}},"loc":{"start":{"line":32,"column":32},"end":{"line":43,"column":1}},"line":32},"2":{"name":"(anonymous_2)","decl":{"start":{"line":50,"column":16},"end":{"line":50,"column":17}},"loc":{"start":{"line":50,"column":34},"end":{"line":61,"column":1}},"line":50},"3":{"name":"(anonymous_3)","decl":{"start":{"line":68,"column":23},"end":{"line":68,"column":24}},"loc":{"start":{"line":68,"column":43},"end":{"line":79,"column":1}},"line":68},"4":{"name":"(anonymous_4)","decl":{"start":{"line":82,"column":19},"end":{"line":82,"column":20}},"loc":{"start":{"line":82,"column":47},"end":{"line":94,"column":1}},"line":82},"5":{"name":"(anonymous_5)","decl":{"start":{"line":97,"column":19},"end":{"line":97,"column":20}},"loc":{"start":{"line":97,"column":37},"end":{"line":110,"column":1}},"line":97},"6":{"name":"main","decl":{"start":{"line":112,"column":15},"end":{"line":112,"column":19}},"loc":{"start":{"line":112,"column":22},"end":{"line":117,"column":1}},"line":112}},"branchMap":{},"s":{"0":2,"1":2,"2":2,"3":0,"4":0,"5":0,"6":0,"7":0,"8":0,"9":2,"10":0,"11":0,"12":0,"13":0,"14":0,"15":0,"16":2,"17":0,"18":0,"19":0,"20":0,"21":0,"22":0,"23":2,"24":0,"25":0,"26":0,"27":0,"28":0,"29":0,"30":2,"31":0,"32":0,"33":0,"34":0,"35":0,"36":2,"37":0,"38":0,"39":0,"40":0,"41":0,"42":0,"43":0,"44":0,"45":2},"f":{"0":0,"1":0,"2":0,"3":0,"4":0,"5":0,"6":0},"b":{},"_coverageSchema":"1a1c01bbd47fc00a2c39e90264f33305004495a9","hash":"9a1cedbe579650ebbf3b1216ee8ef0eb71c7eb67"}
,"/Users/carolinesmacbookair/Desktop/CIS3500/PROJECT-CIS5300/backend_deploy-main/tests/testUtils.js": {"path":"/Users/carolinesmacbookair/Desktop/CIS3500/PROJECT-CIS5300/backend_deploy-main/tests/testUtils.js","statementMap":{"0":{"start":{"line":4,"column":17},"end":{"line":7,"column":1}},"1":{"start":{"line":14,"column":27},"end":{"line":17,"column":1}},"2":{"start":{"line":15,"column":17},"end":{"line":15,"column":65}},"3":{"start":{"line":16,"column":2},"end":{"line":16,"column":27}},"4":{"start":{"line":24,"column":29},"end":{"line":36,"column":1}},"5":{"start":{"line":25,"column":2},"end":{"line":35,"column":3}},"6":{"start":{"line":26,"column":19},"end":{"line":26,"column":81}},"7":{"start":{"line":27,"column":29},"end":{"line":27,"column":35}},"8":{"start":{"line":28,"column":4},"end":{"line":32,"column":5}},"9":{"start":{"line":29,"column":6},"end":{"line":29,"column":63}},"10":{"start":{"line":31,"column":6},"end":{"line":31,"column":61}},"11":{"start":{"line":34,"column":4},"end":{"line":34,"column":38}},"12":{"start":{"line":46,"column":18},"end":{"line":54,"column":1}},"13":{"start":{"line":47,"column":14},"end":{"line":47,"column":19}},"14":{"start":{"line":48,"column":2},"end":{"line":52,"column":5}},"15":{"start":{"line":49,"column":4},"end":{"line":51,"column":5}},"16":{"start":{"line":50,"column":6},"end":{"line":50,"column":19}},"17":{"start":{"line":53,"column":2},"end":{"line":53,"column":15}},"18":{"start":{"line":57,"column":0},"end":{"line":62,"column":2}}},"fnMap":{"0":{"name":"(anonymous_0)","decl":{"start":{"line":14,"column":27},"end":{"line":14,"column":28}},"loc":{"start":{"line":14,"column":51},"end":{"line":17,"column":1}},"line":14},"1":{"name":"(anonymous_1)","decl":{"start":{"line":24,"column":29},"end":{"line":24,"column":30}},"loc":{"start":{"line":24,"column":53},"end":{"line":36,"column":1}},"line":24},"2":{"name":"(anonymous_2)","decl":{"start":{"line":46,"column":18},"end":{"line":46,"column":19}},"loc":{"start":{"line":46,"column":32},"end":{"line":54,"column":1}},"line":46},"3":{"name":"(anonymous_3)","decl":{"start":{"line":48,"column":10},"end":{"line":48,"column":11}},"loc":{"start":{"line":48,"column":17},"end":{"line":52,"column":3}},"line":48}},"branchMap":{"0":{"loc":{"start":{"line":28,"column":4},"end":{"line":32,"column":5}},"type":"if","locations":[{"start":{"line":28,"column":4},"end":{"line":32,"column":5}},{"start":{"line":30,"column":11},"end":{"line":32,"column":5}}],"line":28},"1":{"loc":{"start":{"line":49,"column":4},"end":{"line":51,"column":5}},"type":"if","locations":[{"start":{"line":49,"column":4},"end":{"line":51,"column":5}},{"start":{},"end":{}}],"line":49}},"s":{"0":2,"1":2,"2":0,"3":0,"4":2,"5":1,"6":1,"7":0,"8":0,"9":0,"10":0,"11":1,"12":2,"13":0,"14":0,"15":0,"16":0,"17":0,"18":2},"f":{"0":0,"1":1,"2":0,"3":0},"b":{"0":[0,0],"1":[0,0]},"_coverageSchema":"1a1c01bbd47fc00a2c39e90264f33305004495a9","hash":"340871e55dcef9a4732046fe03d16dae4d17531d"}
}
