TN:
SF:controller/server.js
FN:27,(anonymous_0)
FN:35,(anonymous_1)
FN:60,(anonymous_2)
FN:84,(anonymous_3)
FN:99,(anonymous_4)
FN:119,(anonymous_5)
FN:147,(anonymous_6)
FN:191,(anonymous_7)
FN:208,(anonymous_8)
FNF:9
FNH:4
FNDA:0,(anonymous_0)
FNDA:3,(anonymous_1)
FNDA:0,(anonymous_2)
FNDA:1,(anonymous_3)
FNDA:2,(anonymous_4)
FNDA:0,(anonymous_5)
FNDA:3,(anonymous_6)
FNDA:0,(anonymous_7)
FNDA:0,(anonymous_8)
DA:6,2
DA:9,2
DA:12,2
DA:13,2
DA:16,2
DA:18,2
DA:21,2
DA:24,2
DA:27,2
DA:28,0
DA:35,2
DA:37,3
DA:38,2
DA:39,2
DA:41,1
DA:42,0
DA:43,0
DA:46,1
DA:47,1
DA:48,1
DA:50,0
DA:51,0
DA:60,2
DA:62,0
DA:63,0
DA:64,0
DA:65,0
DA:66,0
DA:67,0
DA:69,0
DA:70,0
DA:71,0
DA:74,0
DA:75,0
DA:77,0
DA:84,2
DA:85,1
DA:87,1
DA:89,1
DA:92,0
DA:99,2
DA:100,2
DA:101,2
DA:103,2
DA:104,2
DA:105,1
DA:106,1
DA:109,1
DA:111,0
DA:119,2
DA:121,0
DA:122,0
DA:123,0
DA:126,0
DA:127,0
DA:129,0
DA:133,0
DA:134,0
DA:136,0
DA:139,0
DA:147,2
DA:149,3
DA:150,1
DA:151,1
DA:154,2
DA:163,2
DA:169,2
DA:172,2
DA:175,2
DA:177,2
DA:178,2
DA:180,2
DA:183,0
DA:191,2
DA:192,0
DA:193,0
DA:194,0
DA:195,0
DA:196,0
DA:199,0
DA:201,0
DA:208,2
DA:209,0
DA:211,0
DA:212,0
DA:213,0
DA:214,0
DA:216,0
DA:217,0
DA:219,0
DA:221,0
DA:226,2
LF:92
LH:46
BRDA:37,0,0,2
BRDA:37,0,1,1
BRDA:37,1,0,3
BRDA:37,1,1,1
BRDA:41,2,0,0
BRDA:41,2,1,1
BRDA:41,3,0,1
BRDA:41,3,1,1
BRDA:65,4,0,0
BRDA:65,4,1,0
BRDA:69,5,0,0
BRDA:69,5,1,0
BRDA:69,6,0,0
BRDA:69,6,1,0
BRDA:104,7,0,1
BRDA:104,7,1,1
BRDA:121,8,0,0
BRDA:121,8,1,0
BRDA:121,9,0,0
BRDA:121,9,1,0
BRDA:126,10,0,0
BRDA:126,10,1,0
BRDA:149,11,0,1
BRDA:149,11,1,2
BRDA:149,12,0,3
BRDA:149,12,1,3
BRDA:149,12,2,2
BRDA:194,13,0,0
BRDA:194,13,1,0
BRDA:212,14,0,0
BRDA:212,14,1,0
BRF:31
BRH:14
end_of_record
TN:
SF:controller/utils/auth.js
FN:25,(anonymous_0)
FN:41,(anonymous_1)
FN:70,(anonymous_2)
FNF:3
FNH:1
FNDA:3,(anonymous_0)
FNDA:0,(anonymous_1)
FNDA:0,(anonymous_2)
DA:9,2
DA:12,2
DA:15,2
DA:18,2
DA:25,2
DA:26,3
DA:27,3
DA:28,3
DA:29,3
DA:31,0
DA:32,0
DA:41,2
DA:42,0
DA:44,0
DA:45,0
DA:49,0
DA:50,0
DA:52,0
DA:53,0
DA:55,0
DA:57,0
DA:60,0
DA:61,0
DA:62,0
DA:65,0
DA:66,0
DA:70,2
DA:80,2
LF:28
LH:12
BRDA:44,0,0,0
BRDA:44,0,1,0
BRDA:53,1,0,0
BRDA:53,1,1,0
BRDA:60,2,0,0
BRDA:60,2,1,0
BRF:6
BRH:0
end_of_record
TN:
SF:model/dbUtils.js
FN:20,(anonymous_0)
FN:37,(anonymous_1)
FN:49,(anonymous_2)
FNF:3
FNH:3
FNDA:2,(anonymous_0)
FNDA:5,(anonymous_1)
FNDA:2,(anonymous_2)
DA:4,2
DA:7,2
DA:10,2
DA:20,2
DA:22,2
DA:23,2
DA:27,2
DA:28,2
DA:30,0
DA:37,2
DA:39,5
DA:40,0
DA:42,5
DA:49,2
DA:50,2
DA:54,2
LF:16
LH:14
BRDA:39,0,0,0
BRDA:39,0,1,5
BRF:2
BRH:1
end_of_record
TN:
SF:model/users.js
FN:14,(anonymous_0)
FN:33,(anonymous_1)
FN:51,(anonymous_2)
FN:69,(anonymous_3)
FN:83,(anonymous_4)
FN:98,(anonymous_5)
FN:113,main
FNF:7
FNH:3
FNDA:2,(anonymous_0)
FNDA:1,(anonymous_1)
FNDA:2,(anonymous_2)
FNDA:0,(anonymous_3)
FNDA:0,(anonymous_4)
FNDA:0,(anonymous_5)
FNDA:0,main
DA:4,2
DA:5,2
DA:14,2
DA:15,2
DA:17,2
DA:18,2
DA:19,2
DA:21,2
DA:23,2
DA:25,0
DA:33,2
DA:34,1
DA:36,1
DA:37,1
DA:39,1
DA:40,1
DA:42,0
DA:51,2
DA:52,2
DA:54,2
DA:55,2
DA:57,1
DA:58,1
DA:60,1
DA:69,2
DA:70,0
DA:72,0
DA:73,0
DA:75,0
DA:76,0
DA:78,0
DA:83,2
DA:84,0
DA:86,0
DA:87,0
DA:91,0
DA:93,0
DA:98,2
DA:99,0
DA:101,0
DA:102,0
DA:106,0
DA:107,0
DA:109,0
DA:115,0
DA:117,0
DA:121,2
LF:47
LH:26
BRF:0
BRH:0
end_of_record
TN:
SF:tests/testUtils.js
FN:14,(anonymous_0)
FN:24,(anonymous_1)
FN:46,(anonymous_2)
FN:48,(anonymous_3)
FNF:4
FNH:4
FNDA:1,(anonymous_0)
FNDA:1,(anonymous_1)
FNDA:1,(anonymous_2)
FNDA:48,(anonymous_3)
DA:4,2
DA:14,2
DA:15,1
DA:16,1
DA:24,2
DA:25,1
DA:26,1
DA:27,1
DA:28,1
DA:29,0
DA:31,1
DA:34,0
DA:46,2
DA:47,1
DA:48,1
DA:49,48
DA:50,1
DA:53,1
DA:57,2
LF:19
LH:17
BRDA:28,0,0,0
BRDA:28,0,1,1
BRDA:49,1,0,1
BRDA:49,1,1,47
BRF:4
BRH:3
end_of_record
