TN:
SF:controller/server.js
FN:26,(anonymous_0)
FN:34,(anonymous_1)
FN:59,(anonymous_2)
FN:83,(anonymous_3)
FN:98,(anonymous_4)
FN:118,(anonymous_5)
FN:146,(anonymous_6)
FN:173,(anonymous_7)
FN:190,(anonymous_8)
FNF:9
FNH:1
FNDA:0,(anonymous_0)
FNDA:3,(anonymous_1)
FNDA:0,(anonymous_2)
FNDA:0,(anonymous_3)
FNDA:0,(anonymous_4)
FNDA:0,(anonymous_5)
FNDA:0,(anonymous_6)
FNDA:0,(anonymous_7)
FNDA:0,(anonymous_8)
DA:6,2
DA:9,2
DA:12,2
DA:15,2
DA:17,2
DA:20,2
DA:23,2
DA:26,2
DA:27,0
DA:34,2
DA:36,3
DA:37,2
DA:38,2
DA:40,1
DA:41,0
DA:42,0
DA:45,1
DA:46,1
DA:47,0
DA:49,1
DA:50,1
DA:59,2
DA:61,0
DA:62,0
DA:63,0
DA:64,0
DA:65,0
DA:66,0
DA:68,0
DA:69,0
DA:70,0
DA:73,0
DA:74,0
DA:76,0
DA:83,2
DA:84,0
DA:86,0
DA:88,0
DA:91,0
DA:98,2
DA:99,0
DA:100,0
DA:102,0
DA:103,0
DA:104,0
DA:105,0
DA:108,0
DA:110,0
DA:118,2
DA:120,0
DA:121,0
DA:122,0
DA:125,0
DA:126,0
DA:128,0
DA:132,0
DA:133,0
DA:135,0
DA:138,0
DA:146,2
DA:148,0
DA:149,0
DA:150,0
DA:153,0
DA:155,0
DA:162,0
DA:163,0
DA:165,0
DA:173,2
DA:174,0
DA:175,0
DA:176,0
DA:177,0
DA:178,0
DA:181,0
DA:183,0
DA:190,2
DA:191,0
DA:193,0
DA:194,0
DA:195,0
DA:196,0
DA:198,0
DA:199,0
DA:201,0
DA:203,0
DA:208,2
LF:87
LH:25
BRDA:36,0,0,2
BRDA:36,0,1,1
BRDA:36,1,0,3
BRDA:36,1,1,1
BRDA:40,2,0,0
BRDA:40,2,1,1
BRDA:40,3,0,1
BRDA:40,3,1,1
BRDA:64,4,0,0
BRDA:64,4,1,0
BRDA:68,5,0,0
BRDA:68,5,1,0
BRDA:68,6,0,0
BRDA:68,6,1,0
BRDA:103,7,0,0
BRDA:103,7,1,0
BRDA:120,8,0,0
BRDA:120,8,1,0
BRDA:120,9,0,0
BRDA:120,9,1,0
BRDA:125,10,0,0
BRDA:125,10,1,0
BRDA:148,11,0,0
BRDA:148,11,1,0
BRDA:148,12,0,0
BRDA:148,12,1,0
BRDA:148,12,2,0
BRDA:176,13,0,0
BRDA:176,13,1,0
BRDA:194,14,0,0
BRDA:194,14,1,0
BRF:31
BRH:7
end_of_record
TN:
SF:controller/utils/auth.js
FN:25,(anonymous_0)
FN:41,(anonymous_1)
FN:70,(anonymous_2)
FNF:3
FNH:1
FNDA:1,(anonymous_0)
FNDA:0,(anonymous_1)
FNDA:0,(anonymous_2)
DA:9,2
DA:12,2
DA:15,2
DA:18,2
DA:25,2
DA:26,1
DA:27,1
DA:28,0
DA:29,0
DA:31,1
DA:32,1
DA:41,2
DA:42,0
DA:44,0
DA:45,0
DA:49,0
DA:50,0
DA:52,0
DA:53,0
DA:55,0
DA:57,0
DA:60,0
DA:61,0
DA:62,0
DA:65,0
DA:66,0
DA:70,2
DA:80,2
LF:28
LH:12
BRDA:44,0,0,0
BRDA:44,0,1,0
BRDA:53,1,0,0
BRDA:53,1,1,0
BRDA:60,2,0,0
BRDA:60,2,1,0
BRF:6
BRH:0
end_of_record
TN:
SF:model/dbUtils.js
FN:20,(anonymous_0)
FN:37,(anonymous_1)
FN:49,(anonymous_2)
FNF:3
FNH:2
FNDA:2,(anonymous_0)
FNDA:0,(anonymous_1)
FNDA:1,(anonymous_2)
DA:4,2
DA:7,2
DA:10,2
DA:20,2
DA:22,2
DA:23,2
DA:27,0
DA:28,0
DA:30,2
DA:37,2
DA:39,0
DA:40,0
DA:42,0
DA:49,2
DA:50,1
DA:54,2
LF:16
LH:11
BRDA:39,0,0,0
BRDA:39,0,1,0
BRF:2
BRH:0
end_of_record
TN:
SF:model/users.js
FN:14,(anonymous_0)
FN:32,(anonymous_1)
FN:50,(anonymous_2)
FN:68,(anonymous_3)
FN:82,(anonymous_4)
FN:97,(anonymous_5)
FN:112,main
FNF:7
FNH:0
FNDA:0,(anonymous_0)
FNDA:0,(anonymous_1)
FNDA:0,(anonymous_2)
FNDA:0,(anonymous_3)
FNDA:0,(anonymous_4)
FNDA:0,(anonymous_5)
FNDA:0,main
DA:4,2
DA:5,2
DA:14,2
DA:15,0
DA:17,0
DA:18,0
DA:20,0
DA:22,0
DA:24,0
DA:32,2
DA:33,0
DA:35,0
DA:36,0
DA:38,0
DA:39,0
DA:41,0
DA:50,2
DA:51,0
DA:53,0
DA:54,0
DA:56,0
DA:57,0
DA:59,0
DA:68,2
DA:69,0
DA:71,0
DA:72,0
DA:74,0
DA:75,0
DA:77,0
DA:82,2
DA:83,0
DA:85,0
DA:86,0
DA:90,0
DA:92,0
DA:97,2
DA:98,0
DA:100,0
DA:101,0
DA:105,0
DA:106,0
DA:108,0
DA:114,0
DA:116,0
DA:120,2
LF:46
LH:9
BRF:0
BRH:0
end_of_record
TN:
SF:tests/testUtils.js
FN:14,(anonymous_0)
FN:24,(anonymous_1)
FN:46,(anonymous_2)
FN:48,(anonymous_3)
FNF:4
FNH:1
FNDA:0,(anonymous_0)
FNDA:1,(anonymous_1)
FNDA:0,(anonymous_2)
FNDA:0,(anonymous_3)
DA:4,2
DA:14,2
DA:15,0
DA:16,0
DA:24,2
DA:25,1
DA:26,1
DA:27,0
DA:28,0
DA:29,0
DA:31,0
DA:34,1
DA:46,2
DA:47,0
DA:48,0
DA:49,0
DA:50,0
DA:53,0
DA:57,2
LF:19
LH:8
BRDA:28,0,0,0
BRDA:28,0,1,0
BRDA:49,1,0,0
BRDA:49,1,1,0
BRF:4
BRH:0
end_of_record
